2017-06-27 16:08:34.711 [Thread-2] INFO  com.vbokhan.auction.entity.Client - id= 4, name= Jim specified price 120.0. Cash available : 800.0
2017-06-27 16:08:34.765 [Thread-1] INFO  com.vbokhan.auction.entity.Client - id= 3, name= John_Jones has enough money to participate. Cash : 5000.0, next bid : 130.0
2017-06-27 16:08:36.766 [Thread-1] INFO  com.vbokhan.auction.entity.Client - id= 3, name= John_Jones specified price 130.0. Cash available : 5000.0
2017-06-27 16:08:38.766 [Thread-1] INFO  com.vbokhan.auction.entity.Client - id= 3, name= John_Jones  decided not to participate in further trading
2017-06-27 16:08:38.766 [Thread-3] INFO  com.vbokhan.auction.entity.Client - id= 5, name= Jack  decided not to participate in further trading
2017-06-27 16:08:38.767 [Thread-2] INFO  com.vbokhan.auction.entity.Client - id= 4, name= Jim  decided to participate in trading.Amount available : 800.0
2017-06-27 16:08:40.768 [Thread-2] INFO  com.vbokhan.auction.entity.Client - id= 4, name= Jim specified price 140.0. Cash available : 800.0
2017-06-27 16:08:40.769 [Thread-2] INFO  com.vbokhan.auction.entity.Lot - Defining winner ....
2017-06-27 16:08:40.780 [Thread-2] INFO  com.vbokhan.auction.entity.Lot - Winner is : [id= 4, name= Jim ], Lot{id=1, name='Book', initial price =100.0}, final price : [140.0]
2017-06-27 16:08:40.780 [main] INFO  com.vbokhan.auction.entity.Lot - Clients, participating in trading : [id= 3, name= John_Jones , id= 5, name= Jack ]
2017-06-27 16:08:40.781 [Thread-4] INFO  com.vbokhan.auction.entity.Client - Time for trading Lot{id=2, name='IPhone', initial price =700.0} ended
2017-06-27 16:08:40.781 [Thread-5] INFO  com.vbokhan.auction.entity.Client - Time for trading Lot{id=2, name='IPhone', initial price =700.0} ended
2017-06-27 16:08:40.782 [Thread-5] INFO  com.vbokhan.auction.entity.Lot - No bids were made on this lot. No winner
2017-06-27 16:08:40.784 [main] ERROR com.vbokhan.auction.entity.Lot - Can not start trade Lot{id=1, name='Book', initial price =100.0}. It is already sold or withdrawn from sale
2017-06-27 16:08:40.784 [main] ERROR com.vbokhan.auction.entity.Lot - Can not start trade Lot{id=2, name='IPhone', initial price =700.0}. It is already sold or withdrawn from sale
2017-06-27 16:08:55.393 [main] INFO  com.vbokhan.auction.entity.Auction - Instance of auction is created
2017-06-27 16:08:55.402 [main] INFO  com.vbokhan.auction.entity.Lot - Clients, participating in trading : []Lot{id=1, name='Book', initial price =100.0}
2017-06-27 16:08:55.403 [main] INFO  com.vbokhan.auction.entity.Lot - No bids were made on this lot. No winner
2017-06-27 16:08:55.404 [main] INFO  com.vbokhan.auction.entity.Lot - Clients, participating in trading : []Lot{id=2, name='IPhone', initial price =700.0}
2017-06-27 16:08:55.404 [main] INFO  com.vbokhan.auction.entity.Lot - No bids were made on this lot. No winner
2017-06-27 16:08:55.405 [main] ERROR com.vbokhan.auction.entity.Lot - Can not start trade Lot{id=1, name='Book', initial price =100.0}. It is already sold or withdrawn from sale
2017-06-27 16:08:55.405 [main] ERROR com.vbokhan.auction.entity.Lot - Can not start trade Lot{id=2, name='IPhone', initial price =700.0}. It is already sold or withdrawn from sale
2017-06-27 16:09:17.095 [main] INFO  com.vbokhan.auction.entity.Auction - Instance of auction is created
2017-06-27 16:09:17.102 [main] INFO  com.vbokhan.auction.entity.Lot - Clients, participating in trading : [id= 3, name= John_Jones , id= 4, name= Jim ] Lot{id=1, name='Book', initial price =100.0}
2017-06-27 16:09:17.109 [Thread-2] INFO  com.vbokhan.auction.entity.Client - id= 4, name= Jim has enough money to participate. Cash : 800.0, next bid : 110.0
2017-06-27 16:09:19.111 [Thread-2] INFO  com.vbokhan.auction.entity.Client - id= 4, name= Jim specified price 110.0. Cash available : 800.0
2017-06-27 16:09:19.111 [Thread-1] INFO  com.vbokhan.auction.entity.Client - id= 3, name= John_Jones has enough money to participate. Cash : 5000.0, next bid : 120.0
2017-06-27 16:09:21.112 [Thread-1] INFO  com.vbokhan.auction.entity.Client - id= 3, name= John_Jones specified price 120.0. Cash available : 5000.0
2017-06-27 16:09:23.113 [Thread-1] INFO  com.vbokhan.auction.entity.Client - id= 3, name= John_Jones  decided not to participate in further trading
2017-06-27 16:09:23.113 [Thread-2] INFO  com.vbokhan.auction.entity.Client - id= 4, name= Jim  decided not to participate in further trading
2017-06-27 16:09:23.117 [Thread-2] INFO  com.vbokhan.auction.entity.Lot - Defining winner ....
2017-06-27 16:09:23.156 [Thread-2] INFO  com.vbokhan.auction.entity.Lot - Winner is : [id= 3, name= John_Jones ], Lot{id=1, name='Book', initial price =100.0}, final price : [120.0]
2017-06-27 16:09:23.158 [main] INFO  com.vbokhan.auction.entity.Lot - Clients, participating in trading : [id= 4, name= Jim , id= 5, name= Jack ] Lot{id=2, name='IPhone', initial price =700.0}
2017-06-27 16:09:23.161 [Thread-4] INFO  com.vbokhan.auction.entity.Client - id= 5, name= Jack has enough money to participate. Cash : 3400.0, next bid : 770.0
2017-06-27 16:09:25.163 [Thread-4] INFO  com.vbokhan.auction.entity.Client - id= 5, name= Jack specified price 770.0. Cash available : 3400.0
2017-06-27 16:09:25.164 [Thread-3] INFO  com.vbokhan.auction.entity.Client - id= 4, name= Jim does not have enough money to participate. Cash : 800.0, next bid : 840.0
2017-06-27 16:09:25.165 [Thread-4] INFO  com.vbokhan.auction.entity.Lot - Defining winner ....
2017-06-27 16:09:25.166 [Thread-4] INFO  com.vbokhan.auction.entity.Lot - Winner is : [id= 5, name= Jack ], Lot{id=2, name='IPhone', initial price =700.0}, final price : [770.0]
2017-06-27 16:09:25.166 [main] ERROR com.vbokhan.auction.entity.Lot - Can not start trade Lot{id=1, name='Book', initial price =100.0}. It is already sold or withdrawn from sale
2017-06-27 16:09:25.167 [main] ERROR com.vbokhan.auction.entity.Lot - Can not start trade Lot{id=2, name='IPhone', initial price =700.0}. It is already sold or withdrawn from sale
